{"/run/media/tienvm/WORK/UIT_SUMMER2025-2026/StudyWeb/study-web-fe/src/config/api.config.ts": {"path":"/run/media/tienvm/WORK/UIT_SUMMER2025-2026/StudyWeb/study-web-fe/src/config/api.config.ts","statementMap":{"0":{"start":{"line":1,"column":26},"end":{"line":4,"column":null}}},"fnMap":{},"branchMap":{},"s":{"0":1},"f":{},"b":{},"meta":{"lastBranch":0,"lastFunction":0,"lastStatement":1,"seen":{"s:1:26:4:Infinity":0},"fnNames":{}}}
,"/run/media/tienvm/WORK/UIT_SUMMER2025-2026/StudyWeb/study-web-fe/src/services/apiClient.ts": {"path":"/run/media/tienvm/WORK/UIT_SUMMER2025-2026/StudyWeb/study-web-fe/src/services/apiClient.ts","statementMap":{"0":{"start":{"line":5,"column":18},"end":{"line":11,"column":null}},"1":{"start":{"line":13,"column":0},"end":{"line":24,"column":null}},"2":{"start":{"line":15,"column":18},"end":{"line":15,"column":null}},"3":{"start":{"line":16,"column":4},"end":{"line":18,"column":null}},"4":{"start":{"line":17,"column":6},"end":{"line":17,"column":null}},"5":{"start":{"line":19,"column":4},"end":{"line":19,"column":null}},"6":{"start":{"line":22,"column":4},"end":{"line":22,"column":null}},"7":{"start":{"line":26,"column":19},"end":{"line":26,"column":null}},"8":{"start":{"line":30,"column":5},"end":{"line":30,"column":null}},"9":{"start":{"line":32,"column":6},"end":{"line":41,"column":null}},"10":{"start":{"line":33,"column":2},"end":{"line":39,"column":null}},"11":{"start":{"line":34,"column":4},"end":{"line":38,"column":null}},"12":{"start":{"line":35,"column":6},"end":{"line":35,"column":null}},"13":{"start":{"line":37,"column":6},"end":{"line":37,"column":null}},"14":{"start":{"line":40,"column":2},"end":{"line":40,"column":null}},"15":{"start":{"line":43,"column":0},"end":{"line":127,"column":null}},"16":{"start":{"line":45,"column":4},"end":{"line":45,"column":null}},"17":{"start":{"line":48,"column":4},"end":{"line":56,"column":null}},"18":{"start":{"line":49,"column":6},"end":{"line":53,"column":null}},"19":{"start":{"line":50,"column":8},"end":{"line":50,"column":null}},"20":{"start":{"line":52,"column":8},"end":{"line":52,"column":null}},"21":{"start":{"line":54,"column":6},"end":{"line":54,"column":null}},"22":{"start":{"line":55,"column":6},"end":{"line":55,"column":null}},"23":{"start":{"line":58,"column":28},"end":{"line":58,"column":null}},"24":{"start":{"line":59,"column":23},"end":{"line":59,"column":null}},"25":{"start":{"line":60,"column":27},"end":{"line":60,"column":null}},"26":{"start":{"line":61,"column":29},"end":{"line":61,"column":null}},"27":{"start":{"line":62,"column":25},"end":{"line":62,"column":null}},"28":{"start":{"line":65,"column":4},"end":{"line":115,"column":null}},"29":{"start":{"line":66,"column":6},"end":{"line":77,"column":null}},"30":{"start":{"line":68,"column":8},"end":{"line":76,"column":null}},"31":{"start":{"line":69,"column":24},"end":{"line":71,"column":null}},"32":{"start":{"line":70,"column":12},"end":{"line":70,"column":null}},"33":{"start":{"line":72,"column":10},"end":{"line":72,"column":null}},"34":{"start":{"line":73,"column":10},"end":{"line":73,"column":null}},"35":{"start":{"line":75,"column":10},"end":{"line":75,"column":null}},"36":{"start":{"line":79,"column":6},"end":{"line":79,"column":null}},"37":{"start":{"line":80,"column":6},"end":{"line":80,"column":null}},"38":{"start":{"line":82,"column":6},"end":{"line":114,"column":null}},"39":{"start":{"line":84,"column":25},"end":{"line":92,"column":null}},"40":{"start":{"line":94,"column":31},"end":{"line":94,"column":null}},"41":{"start":{"line":95,"column":32},"end":{"line":95,"column":null}},"42":{"start":{"line":97,"column":8},"end":{"line":97,"column":null}},"43":{"start":{"line":98,"column":8},"end":{"line":100,"column":null}},"44":{"start":{"line":99,"column":10},"end":{"line":99,"column":null}},"45":{"start":{"line":102,"column":8},"end":{"line":102,"column":null}},"46":{"start":{"line":103,"column":8},"end":{"line":103,"column":null}},"47":{"start":{"line":104,"column":8},"end":{"line":104,"column":null}},"48":{"start":{"line":106,"column":8},"end":{"line":106,"column":null}},"49":{"start":{"line":108,"column":8},"end":{"line":108,"column":null}},"50":{"start":{"line":109,"column":8},"end":{"line":109,"column":null}},"51":{"start":{"line":110,"column":8},"end":{"line":110,"column":null}},"52":{"start":{"line":111,"column":8},"end":{"line":111,"column":null}},"53":{"start":{"line":113,"column":8},"end":{"line":113,"column":null}},"54":{"start":{"line":118,"column":21},"end":{"line":118,"column":null}},"55":{"start":{"line":119,"column":4},"end":{"line":123,"column":null}},"56":{"start":{"line":120,"column":6},"end":{"line":120,"column":null}},"57":{"start":{"line":121,"column":6},"end":{"line":121,"column":null}},"58":{"start":{"line":122,"column":6},"end":{"line":122,"column":null}},"59":{"start":{"line":125,"column":4},"end":{"line":125,"column":null}}},"fnMap":{"0":{"name":"(anonymous_0)","decl":{"start":{"line":13,"column":31},"end":{"line":13,"column":null}},"loc":{"start":{"line":14,"column":14},"end":{"line":20,"column":null}},"line":14},"1":{"name":"(anonymous_1)","decl":{"start":{"line":20,"column":2},"end":{"line":20,"column":null}},"loc":{"start":{"line":21,"column":13},"end":{"line":23,"column":null}},"line":21},"2":{"name":"(anonymous_2)","decl":{"start":{"line":32,"column":6},"end":{"line":32,"column":22}},"loc":{"start":{"line":32,"column":66},"end":{"line":41,"column":null}},"line":32},"3":{"name":"(anonymous_3)","decl":{"start":{"line":33,"column":14},"end":{"line":33,"column":23}},"loc":{"start":{"line":33,"column":32},"end":{"line":39,"column":3}},"line":33},"4":{"name":"(anonymous_4)","decl":{"start":{"line":43,"column":32},"end":{"line":43,"column":null}},"loc":{"start":{"line":44,"column":16},"end":{"line":46,"column":null}},"line":44},"5":{"name":"(anonymous_5)","decl":{"start":{"line":47,"column":2},"end":{"line":47,"column":9}},"loc":{"start":{"line":47,"column":19},"end":{"line":126,"column":null}},"line":47},"6":{"name":"(anonymous_6)","decl":{"start":{"line":69,"column":34},"end":{"line":69,"column":51}},"loc":{"start":{"line":69,"column":71},"end":{"line":71,"column":11}},"line":69}},"branchMap":{"0":{"loc":{"start":{"line":16,"column":4},"end":{"line":18,"column":null}},"type":"if","locations":[{"start":{"line":16,"column":4},"end":{"line":18,"column":null}},{"start":{},"end":{}}],"line":16},"1":{"loc":{"start":{"line":32,"column":34},"end":{"line":32,"column":66}},"type":"default-arg","locations":[{"start":{"line":32,"column":57},"end":{"line":32,"column":66}}],"line":32},"2":{"loc":{"start":{"line":34,"column":4},"end":{"line":38,"column":null}},"type":"if","locations":[{"start":{"line":34,"column":4},"end":{"line":38,"column":null}},{"start":{"line":36,"column":11},"end":{"line":38,"column":null}}],"line":34},"3":{"loc":{"start":{"line":48,"column":4},"end":{"line":56,"column":null}},"type":"if","locations":[{"start":{"line":48,"column":4},"end":{"line":56,"column":null}},{"start":{},"end":{}}],"line":48},"4":{"loc":{"start":{"line":49,"column":6},"end":{"line":53,"column":null}},"type":"if","locations":[{"start":{"line":49,"column":6},"end":{"line":53,"column":null}},{"start":{"line":51,"column":13},"end":{"line":53,"column":null}}],"line":49},"5":{"loc":{"start":{"line":49,"column":10},"end":{"line":49,"column":75}},"type":"binary-expr","locations":[{"start":{"line":49,"column":10},"end":{"line":49,"column":34}},{"start":{"line":49,"column":34},"end":{"line":49,"column":75}}],"line":49},"6":{"loc":{"start":{"line":59,"column":23},"end":{"line":59,"column":null}},"type":"binary-expr","locations":[{"start":{"line":59,"column":23},"end":{"line":59,"column":47}},{"start":{"line":59,"column":47},"end":{"line":59,"column":null}}],"line":59},"7":{"loc":{"start":{"line":65,"column":4},"end":{"line":115,"column":null}},"type":"if","locations":[{"start":{"line":65,"column":4},"end":{"line":115,"column":null}},{"start":{},"end":{}}],"line":65},"8":{"loc":{"start":{"line":65,"column":8},"end":{"line":65,"column":123}},"type":"binary-expr","locations":[{"start":{"line":65,"column":8},"end":{"line":65,"column":42}},{"start":{"line":65,"column":42},"end":{"line":65,"column":61}},{"start":{"line":65,"column":61},"end":{"line":65,"column":82}},{"start":{"line":65,"column":82},"end":{"line":65,"column":98}},{"start":{"line":65,"column":98},"end":{"line":65,"column":123}}],"line":65},"9":{"loc":{"start":{"line":66,"column":6},"end":{"line":77,"column":null}},"type":"if","locations":[{"start":{"line":66,"column":6},"end":{"line":77,"column":null}},{"start":{},"end":{}}],"line":66},"10":{"loc":{"start":{"line":98,"column":8},"end":{"line":100,"column":null}},"type":"if","locations":[{"start":{"line":98,"column":8},"end":{"line":100,"column":null}},{"start":{},"end":{}}],"line":98},"11":{"loc":{"start":{"line":119,"column":4},"end":{"line":123,"column":null}},"type":"if","locations":[{"start":{"line":119,"column":4},"end":{"line":123,"column":null}},{"start":{},"end":{}}],"line":119},"12":{"loc":{"start":{"line":119,"column":8},"end":{"line":119,"column":92}},"type":"binary-expr","locations":[{"start":{"line":119,"column":8},"end":{"line":119,"column":42}},{"start":{"line":119,"column":42},"end":{"line":119,"column":61}},{"start":{"line":119,"column":61},"end":{"line":119,"column":82}},{"start":{"line":119,"column":82},"end":{"line":119,"column":92}}],"line":119}},"s":{"0":1,"1":1,"2":0,"3":0,"4":0,"5":0,"6":0,"7":1,"8":1,"9":1,"10":0,"11":0,"12":0,"13":0,"14":0,"15":1,"16":0,"17":2,"18":2,"19":1,"20":1,"21":2,"22":2,"23":0,"24":0,"25":2,"26":2,"27":2,"28":2,"29":0,"30":0,"31":0,"32":0,"33":0,"34":0,"35":0,"36":0,"37":0,"38":0,"39":0,"40":0,"41":0,"42":0,"43":0,"44":0,"45":0,"46":0,"47":0,"48":0,"49":0,"50":0,"51":0,"52":0,"53":0,"54":0,"55":0,"56":0,"57":0,"58":0,"59":0},"f":{"0":0,"1":0,"2":0,"3":0,"4":0,"5":2,"6":0},"b":{"0":[0,0],"1":[0],"2":[0,0],"3":[2,0],"4":[1,1],"5":[2,2],"6":[0,0],"7":[0,2],"8":[2,0,0,0,0],"9":[0,0],"10":[0,0],"11":[0,0],"12":[0,0,0,0]},"meta":{"lastBranch":13,"lastFunction":7,"lastStatement":60,"seen":{"s:5:18:11:Infinity":0,"s:13:0:24:Infinity":1,"f:13:31:13:Infinity":0,"s:15:18:15:Infinity":2,"b:16:4:18:Infinity:undefined:undefined:undefined:undefined":0,"s:16:4:18:Infinity":3,"s:17:6:17:Infinity":4,"s:19:4:19:Infinity":5,"f:20:2:20:Infinity":1,"s:22:4:22:Infinity":6,"s:26:19:26:Infinity":7,"s:30:5:30:Infinity":8,"s:32:6:41:Infinity":9,"f:32:6:32:22":2,"b:32:57:32:66":1,"s:33:2:39:Infinity":10,"f:33:14:33:23":3,"b:34:4:38:Infinity:36:11:38:Infinity":2,"s:34:4:38:Infinity":11,"s:35:6:35:Infinity":12,"s:37:6:37:Infinity":13,"s:40:2:40:Infinity":14,"s:43:0:127:Infinity":15,"f:43:32:43:Infinity":4,"s:45:4:45:Infinity":16,"f:47:2:47:9":5,"b:48:4:56:Infinity:undefined:undefined:undefined:undefined":3,"s:48:4:56:Infinity":17,"b:49:6:53:Infinity:51:13:53:Infinity":4,"s:49:6:53:Infinity":18,"b:49:10:49:34:49:34:49:75":5,"s:50:8:50:Infinity":19,"s:52:8:52:Infinity":20,"s:54:6:54:Infinity":21,"s:55:6:55:Infinity":22,"s:58:28:58:Infinity":23,"s:59:23:59:Infinity":24,"b:59:23:59:47:59:47:59:Infinity":6,"s:60:27:60:Infinity":25,"s:61:29:61:Infinity":26,"s:62:25:62:Infinity":27,"b:65:4:115:Infinity:undefined:undefined:undefined:undefined":7,"s:65:4:115:Infinity":28,"b:65:8:65:42:65:42:65:61:65:61:65:82:65:82:65:98:65:98:65:123":8,"b:66:6:77:Infinity:undefined:undefined:undefined:undefined":9,"s:66:6:77:Infinity":29,"s:68:8:76:Infinity":30,"s:69:24:71:Infinity":31,"f:69:34:69:51":6,"s:70:12:70:Infinity":32,"s:72:10:72:Infinity":33,"s:73:10:73:Infinity":34,"s:75:10:75:Infinity":35,"s:79:6:79:Infinity":36,"s:80:6:80:Infinity":37,"s:82:6:114:Infinity":38,"s:84:25:92:Infinity":39,"s:94:31:94:Infinity":40,"s:95:32:95:Infinity":41,"s:97:8:97:Infinity":42,"b:98:8:100:Infinity:undefined:undefined:undefined:undefined":10,"s:98:8:100:Infinity":43,"s:99:10:99:Infinity":44,"s:102:8:102:Infinity":45,"s:103:8:103:Infinity":46,"s:104:8:104:Infinity":47,"s:106:8:106:Infinity":48,"s:108:8:108:Infinity":49,"s:109:8:109:Infinity":50,"s:110:8:110:Infinity":51,"s:111:8:111:Infinity":52,"s:113:8:113:Infinity":53,"s:118:21:118:Infinity":54,"b:119:4:123:Infinity:undefined:undefined:undefined:undefined":11,"s:119:4:123:Infinity":55,"b:119:8:119:42:119:42:119:61:119:61:119:82:119:82:119:92":12,"s:120:6:120:Infinity":56,"s:121:6:121:Infinity":57,"s:122:6:122:Infinity":58,"s:125:4:125:Infinity":59},"fnNames":{}}}
,"/run/media/tienvm/WORK/UIT_SUMMER2025-2026/StudyWeb/study-web-fe/src/utils/fileUtils.ts": {"path":"/run/media/tienvm/WORK/UIT_SUMMER2025-2026/StudyWeb/study-web-fe/src/utils/fileUtils.ts","statementMap":{"0":{"start":{"line":1,"column":36},"end":{"line":1,"column":null}},"1":{"start":{"line":2,"column":33},"end":{"line":2,"column":null}},"2":{"start":{"line":3,"column":39},"end":{"line":3,"column":null}},"3":{"start":{"line":5,"column":35},"end":{"line":5,"column":null}},"4":{"start":{"line":10,"column":13},"end":{"line":14,"column":null}},"5":{"start":{"line":11,"column":18},"end":{"line":11,"column":null}},"6":{"start":{"line":12,"column":2},"end":{"line":12,"column":null}},"7":{"start":{"line":12,"column":22},"end":{"line":12,"column":null}},"8":{"start":{"line":13,"column":2},"end":{"line":13,"column":null}},"9":{"start":{"line":20,"column":13},"end":{"line":66,"column":null}},"10":{"start":{"line":21,"column":19},"end":{"line":21,"column":null}},"11":{"start":{"line":22,"column":14},"end":{"line":22,"column":null}},"12":{"start":{"line":23,"column":15},"end":{"line":23,"column":null}},"13":{"start":{"line":24,"column":25},"end":{"line":24,"column":null}},"14":{"start":{"line":26,"column":2},"end":{"line":65,"column":null}},"15":{"start":{"line":28,"column":6},"end":{"line":28,"column":null}},"16":{"start":{"line":32,"column":6},"end":{"line":36,"column":null}},"17":{"start":{"line":42,"column":6},"end":{"line":48,"column":null}},"18":{"start":{"line":52,"column":6},"end":{"line":56,"column":null}},"19":{"start":{"line":59,"column":6},"end":{"line":61,"column":null}},"20":{"start":{"line":64,"column":6},"end":{"line":64,"column":null}},"21":{"start":{"line":74,"column":13},"end":{"line":78,"column":null}},"22":{"start":{"line":75,"column":2},"end":{"line":77,"column":null}},"23":{"start":{"line":76,"column":4},"end":{"line":76,"column":null}},"24":{"start":{"line":86,"column":13},"end":{"line":91,"column":null}},"25":{"start":{"line":87,"column":21},"end":{"line":87,"column":null}},"26":{"start":{"line":88,"column":2},"end":{"line":90,"column":null}},"27":{"start":{"line":89,"column":4},"end":{"line":89,"column":null}},"28":{"start":{"line":98,"column":13},"end":{"line":111,"column":null}},"29":{"start":{"line":99,"column":14},"end":{"line":99,"column":null}},"30":{"start":{"line":100,"column":21},"end":{"line":100,"column":null}},"31":{"start":{"line":101,"column":22},"end":{"line":101,"column":null}},"32":{"start":{"line":103,"column":2},"end":{"line":105,"column":null}},"33":{"start":{"line":104,"column":4},"end":{"line":104,"column":null}},"34":{"start":{"line":107,"column":21},"end":{"line":107,"column":null}},"35":{"start":{"line":108,"column":2},"end":{"line":110,"column":null}},"36":{"start":{"line":109,"column":4},"end":{"line":109,"column":null}},"37":{"start":{"line":113,"column":56},"end":{"line":124,"column":null}},"38":{"start":{"line":130,"column":13},"end":{"line":149,"column":null}},"39":{"start":{"line":131,"column":2},"end":{"line":138,"column":null}},"40":{"start":{"line":132,"column":18},"end":{"line":132,"column":null}},"41":{"start":{"line":133,"column":4},"end":{"line":133,"column":null}},"42":{"start":{"line":133,"column":65},"end":{"line":133,"column":null}},"43":{"start":{"line":134,"column":4},"end":{"line":134,"column":null}},"44":{"start":{"line":134,"column":85},"end":{"line":134,"column":null}},"45":{"start":{"line":135,"column":4},"end":{"line":135,"column":null}},"46":{"start":{"line":135,"column":45},"end":{"line":135,"column":null}},"47":{"start":{"line":136,"column":4},"end":{"line":136,"column":null}},"48":{"start":{"line":136,"column":25},"end":{"line":136,"column":null}},"49":{"start":{"line":137,"column":4},"end":{"line":137,"column":null}},"50":{"start":{"line":139,"column":2},"end":{"line":147,"column":null}},"51":{"start":{"line":140,"column":21},"end":{"line":140,"column":null}},"52":{"start":{"line":141,"column":16},"end":{"line":141,"column":null}},"53":{"start":{"line":142,"column":4},"end":{"line":142,"column":null}},"54":{"start":{"line":142,"column":41},"end":{"line":142,"column":null}},"55":{"start":{"line":143,"column":4},"end":{"line":143,"column":null}},"56":{"start":{"line":143,"column":58},"end":{"line":143,"column":null}},"57":{"start":{"line":144,"column":4},"end":{"line":144,"column":null}},"58":{"start":{"line":144,"column":41},"end":{"line":144,"column":null}},"59":{"start":{"line":145,"column":4},"end":{"line":145,"column":null}},"60":{"start":{"line":145,"column":23},"end":{"line":145,"column":null}},"61":{"start":{"line":146,"column":4},"end":{"line":146,"column":null}},"62":{"start":{"line":146,"column":32},"end":{"line":146,"column":null}},"63":{"start":{"line":148,"column":2},"end":{"line":148,"column":null}},"64":{"start":{"line":155,"column":35},"end":{"line":171,"column":null}},"65":{"start":{"line":156,"column":2},"end":{"line":170,"column":null}},"66":{"start":{"line":157,"column":16},"end":{"line":157,"column":null}},"67":{"start":{"line":158,"column":17},"end":{"line":158,"column":null}},"68":{"start":{"line":159,"column":20},"end":{"line":159,"column":null}},"69":{"start":{"line":160,"column":14},"end":{"line":160,"column":null}},"70":{"start":{"line":161,"column":4},"end":{"line":161,"column":null}},"71":{"start":{"line":162,"column":4},"end":{"line":162,"column":null}},"72":{"start":{"line":163,"column":4},"end":{"line":163,"column":null}},"73":{"start":{"line":164,"column":4},"end":{"line":164,"column":null}},"74":{"start":{"line":165,"column":4},"end":{"line":165,"column":null}},"75":{"start":{"line":166,"column":4},"end":{"line":166,"column":null}},"76":{"start":{"line":168,"column":4},"end":{"line":168,"column":null}},"77":{"start":{"line":169,"column":4},"end":{"line":169,"column":null}}},"fnMap":{"0":{"name":"(anonymous_0)","decl":{"start":{"line":10,"column":13},"end":{"line":10,"column":33}},"loc":{"start":{"line":10,"column":62},"end":{"line":14,"column":null}},"line":10},"1":{"name":"(anonymous_1)","decl":{"start":{"line":20,"column":13},"end":{"line":20,"column":30}},"loc":{"start":{"line":20,"column":85},"end":{"line":66,"column":null}},"line":20},"2":{"name":"(anonymous_2)","decl":{"start":{"line":74,"column":13},"end":{"line":74,"column":38}},"loc":{"start":{"line":74,"column":84},"end":{"line":78,"column":null}},"line":74},"3":{"name":"(anonymous_3)","decl":{"start":{"line":86,"column":13},"end":{"line":86,"column":37}},"loc":{"start":{"line":86,"column":52},"end":{"line":91,"column":null}},"line":86},"4":{"name":"(anonymous_4)","decl":{"start":{"line":98,"column":13},"end":{"line":98,"column":34}},"loc":{"start":{"line":98,"column":49},"end":{"line":111,"column":null}},"line":98},"5":{"name":"(anonymous_5)","decl":{"start":{"line":130,"column":13},"end":{"line":130,"column":35}},"loc":{"start":{"line":130,"column":97},"end":{"line":149,"column":null}},"line":130},"6":{"name":"(anonymous_6)","decl":{"start":{"line":155,"column":35},"end":{"line":155,"column":42}},"loc":{"start":{"line":155,"column":91},"end":{"line":171,"column":null}},"line":155}},"branchMap":{"0":{"loc":{"start":{"line":12,"column":2},"end":{"line":12,"column":null}},"type":"if","locations":[{"start":{"line":12,"column":2},"end":{"line":12,"column":null}},{"start":{},"end":{}}],"line":12},"1":{"loc":{"start":{"line":21,"column":19},"end":{"line":21,"column":null}},"type":"cond-expr","locations":[{"start":{"line":21,"column":46},"end":{"line":21,"column":53}},{"start":{"line":21,"column":53},"end":{"line":21,"column":null}}],"line":21},"2":{"loc":{"start":{"line":23,"column":15},"end":{"line":23,"column":null}},"type":"cond-expr","locations":[{"start":{"line":23,"column":42},"end":{"line":23,"column":48}},{"start":{"line":23,"column":42},"end":{"line":23,"column":null}}],"line":23},"3":{"loc":{"start":{"line":23,"column":48},"end":{"line":23,"column":63}},"type":"binary-expr","locations":[{"start":{"line":23,"column":48},"end":{"line":23,"column":61}},{"start":{"line":23,"column":61},"end":{"line":23,"column":63}}],"line":23},"4":{"loc":{"start":{"line":26,"column":2},"end":{"line":65,"column":null}},"type":"switch","locations":[{"start":{"line":27,"column":4},"end":{"line":28,"column":null}},{"start":{"line":29,"column":4},"end":{"line":29,"column":null}},{"start":{"line":30,"column":4},"end":{"line":30,"column":null}},{"start":{"line":31,"column":4},"end":{"line":36,"column":null}},{"start":{"line":38,"column":4},"end":{"line":38,"column":null}},{"start":{"line":39,"column":4},"end":{"line":39,"column":null}},{"start":{"line":40,"column":4},"end":{"line":40,"column":null}},{"start":{"line":41,"column":4},"end":{"line":48,"column":null}},{"start":{"line":50,"column":4},"end":{"line":50,"column":null}},{"start":{"line":51,"column":4},"end":{"line":56,"column":null}},{"start":{"line":58,"column":4},"end":{"line":61,"column":null}},{"start":{"line":63,"column":4},"end":{"line":64,"column":null}}],"line":26},"5":{"loc":{"start":{"line":28,"column":13},"end":{"line":28,"column":null}},"type":"binary-expr","locations":[{"start":{"line":28,"column":13},"end":{"line":28,"column":31}},{"start":{"line":28,"column":31},"end":{"line":28,"column":null}}],"line":28},"6":{"loc":{"start":{"line":33,"column":8},"end":{"line":36,"column":null}},"type":"binary-expr","locations":[{"start":{"line":33,"column":8},"end":{"line":33,"column":null}},{"start":{"line":34,"column":8},"end":{"line":34,"column":null}},{"start":{"line":35,"column":8},"end":{"line":35,"column":null}},{"start":{"line":36,"column":8},"end":{"line":36,"column":null}}],"line":33},"7":{"loc":{"start":{"line":43,"column":8},"end":{"line":48,"column":null}},"type":"binary-expr","locations":[{"start":{"line":43,"column":8},"end":{"line":43,"column":null}},{"start":{"line":44,"column":8},"end":{"line":44,"column":null}},{"start":{"line":45,"column":8},"end":{"line":45,"column":null}},{"start":{"line":46,"column":8},"end":{"line":46,"column":null}},{"start":{"line":47,"column":8},"end":{"line":47,"column":null}},{"start":{"line":48,"column":8},"end":{"line":48,"column":null}}],"line":43},"8":{"loc":{"start":{"line":53,"column":8},"end":{"line":56,"column":null}},"type":"binary-expr","locations":[{"start":{"line":53,"column":8},"end":{"line":53,"column":null}},{"start":{"line":54,"column":8},"end":{"line":54,"column":null}},{"start":{"line":55,"column":8},"end":{"line":55,"column":null}},{"start":{"line":56,"column":8},"end":{"line":56,"column":null}}],"line":53},"9":{"loc":{"start":{"line":60,"column":8},"end":{"line":61,"column":null}},"type":"binary-expr","locations":[{"start":{"line":60,"column":8},"end":{"line":60,"column":null}},{"start":{"line":61,"column":8},"end":{"line":61,"column":null}}],"line":60},"10":{"loc":{"start":{"line":75,"column":2},"end":{"line":77,"column":null}},"type":"if","locations":[{"start":{"line":75,"column":2},"end":{"line":77,"column":null}},{"start":{},"end":{}}],"line":75},"11":{"loc":{"start":{"line":88,"column":2},"end":{"line":90,"column":null}},"type":"if","locations":[{"start":{"line":88,"column":2},"end":{"line":90,"column":null}},{"start":{},"end":{}}],"line":88},"12":{"loc":{"start":{"line":100,"column":21},"end":{"line":100,"column":null}},"type":"binary-expr","locations":[{"start":{"line":100,"column":21},"end":{"line":100,"column":29}},{"start":{"line":100,"column":29},"end":{"line":100,"column":null}}],"line":100},"13":{"loc":{"start":{"line":101,"column":22},"end":{"line":101,"column":null}},"type":"binary-expr","locations":[{"start":{"line":101,"column":22},"end":{"line":101,"column":36}},{"start":{"line":101,"column":36},"end":{"line":101,"column":null}}],"line":101},"14":{"loc":{"start":{"line":103,"column":2},"end":{"line":105,"column":null}},"type":"if","locations":[{"start":{"line":103,"column":2},"end":{"line":105,"column":null}},{"start":{},"end":{}}],"line":103},"15":{"loc":{"start":{"line":103,"column":6},"end":{"line":103,"column":35}},"type":"binary-expr","locations":[{"start":{"line":103,"column":6},"end":{"line":103,"column":21}},{"start":{"line":103,"column":21},"end":{"line":103,"column":35}}],"line":103},"16":{"loc":{"start":{"line":108,"column":2},"end":{"line":110,"column":null}},"type":"if","locations":[{"start":{"line":108,"column":2},"end":{"line":110,"column":null}},{"start":{},"end":{}}],"line":108},"17":{"loc":{"start":{"line":131,"column":2},"end":{"line":138,"column":null}},"type":"if","locations":[{"start":{"line":131,"column":2},"end":{"line":138,"column":null}},{"start":{},"end":{}}],"line":131},"18":{"loc":{"start":{"line":133,"column":4},"end":{"line":133,"column":null}},"type":"if","locations":[{"start":{"line":133,"column":4},"end":{"line":133,"column":null}},{"start":{},"end":{}}],"line":133},"19":{"loc":{"start":{"line":133,"column":8},"end":{"line":133,"column":65}},"type":"binary-expr","locations":[{"start":{"line":133,"column":8},"end":{"line":133,"column":27}},{"start":{"line":133,"column":27},"end":{"line":133,"column":47}},{"start":{"line":133,"column":47},"end":{"line":133,"column":65}}],"line":133},"20":{"loc":{"start":{"line":134,"column":4},"end":{"line":134,"column":null}},"type":"if","locations":[{"start":{"line":134,"column":4},"end":{"line":134,"column":null}},{"start":{},"end":{}}],"line":134},"21":{"loc":{"start":{"line":134,"column":8},"end":{"line":134,"column":85}},"type":"binary-expr","locations":[{"start":{"line":134,"column":8},"end":{"line":134,"column":27}},{"start":{"line":134,"column":27},"end":{"line":134,"column":47}},{"start":{"line":134,"column":47},"end":{"line":134,"column":68}},{"start":{"line":134,"column":68},"end":{"line":134,"column":85}}],"line":134},"22":{"loc":{"start":{"line":135,"column":4},"end":{"line":135,"column":null}},"type":"if","locations":[{"start":{"line":135,"column":4},"end":{"line":135,"column":null}},{"start":{},"end":{}}],"line":135},"23":{"loc":{"start":{"line":135,"column":8},"end":{"line":135,"column":45}},"type":"binary-expr","locations":[{"start":{"line":135,"column":8},"end":{"line":135,"column":27}},{"start":{"line":135,"column":27},"end":{"line":135,"column":45}}],"line":135},"24":{"loc":{"start":{"line":136,"column":4},"end":{"line":136,"column":null}},"type":"if","locations":[{"start":{"line":136,"column":4},"end":{"line":136,"column":null}},{"start":{},"end":{}}],"line":136},"25":{"loc":{"start":{"line":139,"column":2},"end":{"line":147,"column":null}},"type":"if","locations":[{"start":{"line":139,"column":2},"end":{"line":147,"column":null}},{"start":{},"end":{}}],"line":139},"26":{"loc":{"start":{"line":142,"column":4},"end":{"line":142,"column":null}},"type":"if","locations":[{"start":{"line":142,"column":4},"end":{"line":142,"column":null}},{"start":{},"end":{}}],"line":142},"27":{"loc":{"start":{"line":142,"column":8},"end":{"line":142,"column":41}},"type":"binary-expr","locations":[{"start":{"line":142,"column":8},"end":{"line":142,"column":25}},{"start":{"line":142,"column":25},"end":{"line":142,"column":41}}],"line":142},"28":{"loc":{"start":{"line":143,"column":4},"end":{"line":143,"column":null}},"type":"if","locations":[{"start":{"line":143,"column":4},"end":{"line":143,"column":null}},{"start":{},"end":{}}],"line":143},"29":{"loc":{"start":{"line":143,"column":8},"end":{"line":143,"column":58}},"type":"binary-expr","locations":[{"start":{"line":143,"column":8},"end":{"line":143,"column":25}},{"start":{"line":143,"column":25},"end":{"line":143,"column":43}},{"start":{"line":143,"column":43},"end":{"line":143,"column":58}}],"line":143},"30":{"loc":{"start":{"line":144,"column":4},"end":{"line":144,"column":null}},"type":"if","locations":[{"start":{"line":144,"column":4},"end":{"line":144,"column":null}},{"start":{},"end":{}}],"line":144},"31":{"loc":{"start":{"line":144,"column":8},"end":{"line":144,"column":41}},"type":"binary-expr","locations":[{"start":{"line":144,"column":8},"end":{"line":144,"column":25}},{"start":{"line":144,"column":25},"end":{"line":144,"column":41}}],"line":144},"32":{"loc":{"start":{"line":145,"column":4},"end":{"line":145,"column":null}},"type":"if","locations":[{"start":{"line":145,"column":4},"end":{"line":145,"column":null}},{"start":{},"end":{}}],"line":145},"33":{"loc":{"start":{"line":146,"column":4},"end":{"line":146,"column":null}},"type":"if","locations":[{"start":{"line":146,"column":4},"end":{"line":146,"column":null}},{"start":{},"end":{}}],"line":146},"34":{"loc":{"start":{"line":146,"column":8},"end":{"line":146,"column":32}},"type":"binary-expr","locations":[{"start":{"line":146,"column":8},"end":{"line":146,"column":15}},{"start":{"line":146,"column":15},"end":{"line":146,"column":32}}],"line":146}},"s":{"0":2,"1":2,"2":2,"3":2,"4":2,"5":26,"6":26,"7":1,"8":25,"9":2,"10":18,"11":18,"12":18,"13":18,"14":18,"15":7,"16":7,"17":4,"18":0,"19":0,"20":0,"21":2,"22":6,"23":3,"24":2,"25":3,"26":3,"27":1,"28":2,"29":4,"30":4,"31":4,"32":4,"33":1,"34":3,"35":3,"36":1,"37":2,"38":2,"39":11,"40":7,"41":7,"42":2,"43":5,"44":3,"45":2,"46":1,"47":1,"48":1,"49":0,"50":4,"51":3,"52":3,"53":3,"54":1,"55":2,"56":1,"57":1,"58":0,"59":1,"60":1,"61":0,"62":0,"63":1,"64":2,"65":0,"66":0,"67":0,"68":0,"69":0,"70":0,"71":0,"72":0,"73":0,"74":0,"75":0,"76":0,"77":0},"f":{"0":26,"1":18,"2":6,"3":3,"4":4,"5":11,"6":0},"b":{"0":[1,25],"1":[3,15],"2":[3,15],"3":[15,0],"4":[7,6,7,7,4,4,4,4,0,0,0,0],"5":[7,4],"6":[7,4,3,3],"7":[4,2,1,1,1,1],"8":[0,0,0,0],"9":[0,0],"10":[3,3],"11":[1,2],"12":[4,4],"13":[4,4],"14":[1,3],"15":[4,3],"16":[1,2],"17":[7,4],"18":[2,5],"19":[7,7,6],"20":[3,2],"21":[5,5,4,3],"22":[1,1],"23":[2,2],"24":[1,0],"25":[3,1],"26":[1,2],"27":[3,3],"28":[1,1],"29":[2,2,1],"30":[0,1],"31":[1,1],"32":[1,0],"33":[0,0],"34":[0,0]},"meta":{"lastBranch":35,"lastFunction":7,"lastStatement":78,"seen":{"s:1:36:1:Infinity":0,"s:2:33:2:Infinity":1,"s:3:39:3:Infinity":2,"s:5:35:5:Infinity":3,"s:10:13:14:Infinity":4,"f:10:13:10:33":0,"s:11:18:11:Infinity":5,"b:12:2:12:Infinity:undefined:undefined:undefined:undefined":0,"s:12:2:12:Infinity":6,"s:12:22:12:Infinity":7,"s:13:2:13:Infinity":8,"s:20:13:66:Infinity":9,"f:20:13:20:30":1,"s:21:19:21:Infinity":10,"b:21:46:21:53:21:53:21:Infinity":1,"s:22:14:22:Infinity":11,"s:23:15:23:Infinity":12,"b:23:42:23:48:23:42:23:Infinity":2,"b:23:48:23:61:23:61:23:63":3,"s:24:25:24:Infinity":13,"b:27:4:28:Infinity:29:4:29:Infinity:30:4:30:Infinity:31:4:36:Infinity:38:4:38:Infinity:39:4:39:Infinity:40:4:40:Infinity:41:4:48:Infinity:50:4:50:Infinity:51:4:56:Infinity:58:4:61:Infinity:63:4:64:Infinity":4,"s:26:2:65:Infinity":14,"s:28:6:28:Infinity":15,"b:28:13:28:31:28:31:28:Infinity":5,"s:32:6:36:Infinity":16,"b:33:8:33:Infinity:34:8:34:Infinity:35:8:35:Infinity:36:8:36:Infinity":6,"s:42:6:48:Infinity":17,"b:43:8:43:Infinity:44:8:44:Infinity:45:8:45:Infinity:46:8:46:Infinity:47:8:47:Infinity:48:8:48:Infinity":7,"s:52:6:56:Infinity":18,"b:53:8:53:Infinity:54:8:54:Infinity:55:8:55:Infinity:56:8:56:Infinity":8,"s:59:6:61:Infinity":19,"b:60:8:60:Infinity:61:8:61:Infinity":9,"s:64:6:64:Infinity":20,"s:74:13:78:Infinity":21,"f:74:13:74:38":2,"b:75:2:77:Infinity:undefined:undefined:undefined:undefined":10,"s:75:2:77:Infinity":22,"s:76:4:76:Infinity":23,"s:86:13:91:Infinity":24,"f:86:13:86:37":3,"s:87:21:87:Infinity":25,"b:88:2:90:Infinity:undefined:undefined:undefined:undefined":11,"s:88:2:90:Infinity":26,"s:89:4:89:Infinity":27,"s:98:13:111:Infinity":28,"f:98:13:98:34":4,"s:99:14:99:Infinity":29,"s:100:21:100:Infinity":30,"b:100:21:100:29:100:29:100:Infinity":12,"s:101:22:101:Infinity":31,"b:101:22:101:36:101:36:101:Infinity":13,"b:103:2:105:Infinity:undefined:undefined:undefined:undefined":14,"s:103:2:105:Infinity":32,"b:103:6:103:21:103:21:103:35":15,"s:104:4:104:Infinity":33,"s:107:21:107:Infinity":34,"b:108:2:110:Infinity:undefined:undefined:undefined:undefined":16,"s:108:2:110:Infinity":35,"s:109:4:109:Infinity":36,"s:113:56:124:Infinity":37,"s:130:13:149:Infinity":38,"f:130:13:130:35":5,"b:131:2:138:Infinity:undefined:undefined:undefined:undefined":17,"s:131:2:138:Infinity":39,"s:132:18:132:Infinity":40,"b:133:4:133:Infinity:undefined:undefined:undefined:undefined":18,"s:133:4:133:Infinity":41,"b:133:8:133:27:133:27:133:47:133:47:133:65":19,"s:133:65:133:Infinity":42,"b:134:4:134:Infinity:undefined:undefined:undefined:undefined":20,"s:134:4:134:Infinity":43,"b:134:8:134:27:134:27:134:47:134:47:134:68:134:68:134:85":21,"s:134:85:134:Infinity":44,"b:135:4:135:Infinity:undefined:undefined:undefined:undefined":22,"s:135:4:135:Infinity":45,"b:135:8:135:27:135:27:135:45":23,"s:135:45:135:Infinity":46,"b:136:4:136:Infinity:undefined:undefined:undefined:undefined":24,"s:136:4:136:Infinity":47,"s:136:25:136:Infinity":48,"s:137:4:137:Infinity":49,"b:139:2:147:Infinity:undefined:undefined:undefined:undefined":25,"s:139:2:147:Infinity":50,"s:140:21:140:Infinity":51,"s:141:16:141:Infinity":52,"b:142:4:142:Infinity:undefined:undefined:undefined:undefined":26,"s:142:4:142:Infinity":53,"b:142:8:142:25:142:25:142:41":27,"s:142:41:142:Infinity":54,"b:143:4:143:Infinity:undefined:undefined:undefined:undefined":28,"s:143:4:143:Infinity":55,"b:143:8:143:25:143:25:143:43:143:43:143:58":29,"s:143:58:143:Infinity":56,"b:144:4:144:Infinity:undefined:undefined:undefined:undefined":30,"s:144:4:144:Infinity":57,"b:144:8:144:25:144:25:144:41":31,"s:144:41:144:Infinity":58,"b:145:4:145:Infinity:undefined:undefined:undefined:undefined":32,"s:145:4:145:Infinity":59,"s:145:23:145:Infinity":60,"b:146:4:146:Infinity:undefined:undefined:undefined:undefined":33,"s:146:4:146:Infinity":61,"b:146:8:146:15:146:15:146:32":34,"s:146:32:146:Infinity":62,"s:148:2:148:Infinity":63,"s:155:35:171:Infinity":64,"f:155:35:155:42":6,"s:156:2:170:Infinity":65,"s:157:16:157:Infinity":66,"s:158:17:158:Infinity":67,"s:159:20:159:Infinity":68,"s:160:14:160:Infinity":69,"s:161:4:161:Infinity":70,"s:162:4:162:Infinity":71,"s:163:4:163:Infinity":72,"s:164:4:164:Infinity":73,"s:165:4:165:Infinity":74,"s:166:4:166:Infinity":75,"s:168:4:168:Infinity":76,"s:169:4:169:Infinity":77},"fnNames":{}}}
}
